# JRE version: OpenJDK Runtime Environment Temurin-17.0.9+9 (17.0.9+9) (build 17.0.9+9)
# Java VM: OpenJDK 64-Bit Server VM Temurin-17.0.9+9 (17.0.9+9, mixed mode, tiered, compressed oops, compressed class ptrs, g1 gc, bsd-amd64)
GC Precious Log:
 CPUs: 8 total, 8 available
 Memory: 32768M
 Large Page Support: Disabled
 NUMA Support: Disabled
 Compressed Oops: Enabled (Zero based)
 Heap Region Size: 4M
 Heap Min Capacity: 8M
 Heap Initial Capacity: 512M
 Heap Max Capacity: 8G
 Pre-touch: Disabled
 Parallel Workers: 8
 Concurrent Workers: 2
 Concurrent Refinement Workers: 8
 Periodic GC: Disabled
Heap:
 garbage-first heap   total 278528K, used 69354K [0x0000000600000000, 0x0000000800000000)
  region size 4096K, 17 young (69632K), 1 survivors (4096K)
 Metaspace       used 28449K, committed 28672K, reserved 1114112K
  class space    used 2794K, committed 2880K, reserved 1048576K
GC Heap History (12 events):
Event: 2.292 GC heap before
{Heap before GC invocations=0 (full 0):
 garbage-first heap   total 524288K, used 12288K [0x0000000600000000, 0x0000000800000000)
  region size 4096K, 4 young (16384K), 0 survivors (0K)
 Metaspace       used 18329K, committed 18496K, reserved 1114112K
  class space    used 1984K, committed 2048K, reserved 1048576K
}
Event: 2.316 GC heap after
{Heap after GC invocations=1 (full 1):
 garbage-first heap   total 57344K, used 5108K [0x0000000600000000, 0x0000000800000000)
  region size 4096K, 0 young (0K), 0 survivors (0K)
 Metaspace       used 18327K, committed 18496K, reserved 1114112K
  class space    used 1983K, committed 2048K, reserved 1048576K
}
Event: 2.319 GC heap before
{Heap before GC invocations=1 (full 1):
 garbage-first heap   total 57344K, used 5108K [0x0000000600000000, 0x0000000800000000)
  region size 4096K, 1 young (4096K), 0 survivors (0K)
 Metaspace       used 18327K, committed 18496K, reserved 1114112K
  class space    used 1983K, committed 2048K, reserved 1048576K
}
Event: 2.330 GC heap after
{Heap after GC invocations=2 (full 2):
 garbage-first heap   total 28672K, used 5109K [0x0000000600000000, 0x0000000800000000)
  region size 4096K, 0 young (0K), 0 survivors (0K)
 Metaspace       used 18327K, committed 18496K, reserved 1114112K
  class space    used 1983K, committed 2048K, reserved 1048576K
}
Event: 2.543 GC heap before
{Heap before GC invocations=2 (full 2):
 garbage-first heap   total 28672K, used 5109K [0x0000000600000000, 0x0000000800000000)
  region size 4096K, 1 young (4096K), 0 survivors (0K)
 Metaspace       used 20625K, committed 20864K, reserved 1114112K
  class space    used 2196K, committed 2304K, reserved 1048576K
}
Event: 2.547 GC heap after
{Heap after GC invocations=3 (full 2):
 garbage-first heap   total 28672K, used 6555K [0x0000000600000000, 0x0000000800000000)
  region size 4096K, 1 young (4096K), 1 survivors (4096K)
 Metaspace       used 20625K, committed 20864K, reserved 1114112K
  class space    used 2196K, committed 2304K, reserved 1048576K
}
Event: 2.701 GC heap before
{Heap before GC invocations=3 (full 2):
 garbage-first heap   total 28672K, used 6555K [0x0000000600000000, 0x0000000800000000)
  region size 4096K, 2 young (8192K), 1 survivors (4096K)
 Metaspace       used 22609K, committed 22848K, reserved 1114112K
  class space    used 2308K, committed 2432K, reserved 1048576K
}
Event: 2.703 GC heap after
{Heap after GC invocations=4 (full 2):
 garbage-first heap   total 28672K, used 6915K [0x0000000600000000, 0x0000000800000000)
  region size 4096K, 1 young (4096K), 1 survivors (4096K)
 Metaspace       used 22609K, committed 22848K, reserved 1114112K
  class space    used 2308K, committed 2432K, reserved 1048576K
}
Event: 2.902 GC heap before
{Heap before GC invocations=4 (full 2):
 garbage-first heap   total 28672K, used 11011K [0x0000000600000000, 0x0000000800000000)
  region size 4096K, 2 young (8192K), 1 survivors (4096K)
 Metaspace       used 24128K, committed 24320K, reserved 1114112K
  class space    used 2451K, committed 2560K, reserved 1048576K
}
Event: 2.905 GC heap after
{Heap after GC invocations=5 (full 2):
 garbage-first heap   total 28672K, used 7232K [0x0000000600000000, 0x0000000800000000)
  region size 4096K, 1 young (4096K), 1 survivors (4096K)
 Metaspace       used 24128K, committed 24320K, reserved 1114112K
  class space    used 2451K, committed 2560K, reserved 1048576K
}
Event: 2.985 GC heap before
{Heap before GC invocations=5 (full 2):
 garbage-first heap   total 28672K, used 11328K [0x0000000600000000, 0x0000000800000000)
  region size 4096K, 2 young (8192K), 1 survivors (4096K)
 Metaspace       used 25318K, committed 25472K, reserved 1114112K
  class space    used 2599K, committed 2688K, reserved 1048576K
}
Event: 2.988 GC heap after
{Heap after GC invocations=6 (full 2):
 garbage-first heap   total 278528K, used 7914K [0x0000000600000000, 0x0000000800000000)
  region size 4096K, 1 young (4096K), 1 survivors (4096K)
 Metaspace       used 25318K, committed 25472K, reserved 1114112K
  class space    used 2599K, committed 2688K, reserved 1048576K
}

