# JRE version: OpenJDK Runtime Environment Temurin-17.0.9+9 (17.0.9+9) (build 17.0.9+9)
# Java VM: OpenJDK 64-Bit Server VM Temurin-17.0.9+9 (17.0.9+9, mixed mode, tiered, compressed oops, compressed class ptrs, g1 gc, bsd-amd64)
GC Precious Log:
 CPUs: 8 total, 8 available
 Memory: 32768M
 Large Page Support: Disabled
 NUMA Support: Disabled
 Compressed Oops: Enabled (Zero based)
 Heap Region Size: 4M
 Heap Min Capacity: 8M
 Heap Initial Capacity: 512M
 Heap Max Capacity: 8G
 Pre-touch: Disabled
 Parallel Workers: 8
 Concurrent Workers: 2
 Concurrent Refinement Workers: 8
 Periodic GC: Disabled
Heap:
 garbage-first heap   total 278528K, used 9476K [0x0000000600000000, 0x0000000800000000)
  region size 4096K, 2 young (8192K), 1 survivors (4096K)
 Metaspace       used 27144K, committed 27328K, reserved 1114112K
  class space    used 2717K, committed 2816K, reserved 1048576K
GC Heap History (12 events):
Event: 2.988 GC heap before
{Heap before GC invocations=0 (full 0):
 garbage-first heap   total 524288K, used 12288K [0x0000000600000000, 0x0000000800000000)
  region size 4096K, 4 young (16384K), 0 survivors (0K)
 Metaspace       used 18288K, committed 18432K, reserved 1114112K
  class space    used 1983K, committed 2048K, reserved 1048576K
}
Event: 3.010 GC heap after
{Heap after GC invocations=1 (full 1):
 garbage-first heap   total 57344K, used 5401K [0x0000000600000000, 0x0000000800000000)
  region size 4096K, 0 young (0K), 0 survivors (0K)
 Metaspace       used 18288K, committed 18432K, reserved 1114112K
  class space    used 1983K, committed 2048K, reserved 1048576K
}
Event: 3.012 GC heap before
{Heap before GC invocations=1 (full 1):
 garbage-first heap   total 57344K, used 5401K [0x0000000600000000, 0x0000000800000000)
  region size 4096K, 1 young (4096K), 0 survivors (0K)
 Metaspace       used 18288K, committed 18432K, reserved 1114112K
  class space    used 1983K, committed 2048K, reserved 1048576K
}
Event: 3.023 GC heap after
{Heap after GC invocations=2 (full 2):
 garbage-first heap   total 28672K, used 5401K [0x0000000600000000, 0x0000000800000000)
  region size 4096K, 0 young (0K), 0 survivors (0K)
 Metaspace       used 18288K, committed 18432K, reserved 1114112K
  class space    used 1983K, committed 2048K, reserved 1048576K
}
Event: 3.281 GC heap before
{Heap before GC invocations=2 (full 2):
 garbage-first heap   total 28672K, used 5401K [0x0000000600000000, 0x0000000800000000)
  region size 4096K, 1 young (4096K), 0 survivors (0K)
 Metaspace       used 20588K, committed 20800K, reserved 1114112K
  class space    used 2196K, committed 2304K, reserved 1048576K
}
Event: 3.285 GC heap after
{Heap after GC invocations=3 (full 2):
 garbage-first heap   total 28672K, used 6952K [0x0000000600000000, 0x0000000800000000)
  region size 4096K, 1 young (4096K), 1 survivors (4096K)
 Metaspace       used 20588K, committed 20800K, reserved 1114112K
  class space    used 2196K, committed 2304K, reserved 1048576K
}
Event: 3.473 GC heap before
{Heap before GC invocations=3 (full 2):
 garbage-first heap   total 28672K, used 11048K [0x0000000600000000, 0x0000000800000000)
  region size 4096K, 2 young (8192K), 1 survivors (4096K)
 Metaspace       used 22558K, committed 22784K, reserved 1114112K
  class space    used 2306K, committed 2432K, reserved 1048576K
}
Event: 3.475 GC heap after
{Heap after GC invocations=4 (full 2):
 garbage-first heap   total 28672K, used 7327K [0x0000000600000000, 0x0000000800000000)
  region size 4096K, 1 young (4096K), 1 survivors (4096K)
 Metaspace       used 22558K, committed 22784K, reserved 1114112K
  class space    used 2306K, committed 2432K, reserved 1048576K
}
Event: 3.698 GC heap before
{Heap before GC invocations=4 (full 2):
 garbage-first heap   total 28672K, used 11423K [0x0000000600000000, 0x0000000800000000)
  region size 4096K, 2 young (8192K), 1 survivors (4096K)
 Metaspace       used 24095K, committed 24320K, reserved 1114112K
  class space    used 2450K, committed 2560K, reserved 1048576K
}
Event: 3.701 GC heap after
{Heap after GC invocations=5 (full 2):
 garbage-first heap   total 28672K, used 7694K [0x0000000600000000, 0x0000000800000000)
  region size 4096K, 1 young (4096K), 1 survivors (4096K)
 Metaspace       used 24095K, committed 24320K, reserved 1114112K
  class space    used 2450K, committed 2560K, reserved 1048576K
}
Event: 3.797 GC heap before
{Heap before GC invocations=5 (full 2):
 garbage-first heap   total 28672K, used 7694K [0x0000000600000000, 0x0000000800000000)
  region size 4096K, 2 young (8192K), 1 survivors (4096K)
 Metaspace       used 25237K, committed 25472K, reserved 1114112K
  class space    used 2592K, committed 2688K, reserved 1048576K
}
Event: 3.802 GC heap after
{Heap after GC invocations=6 (full 2):
 garbage-first heap   total 278528K, used 8364K [0x0000000600000000, 0x0000000800000000)
  region size 4096K, 1 young (4096K), 1 survivors (4096K)
 Metaspace       used 25237K, committed 25472K, reserved 1114112K
  class space    used 2592K, committed 2688K, reserved 1048576K
}

