# JRE version: OpenJDK Runtime Environment Temurin-17.0.9+9 (17.0.9+9) (build 17.0.9+9)
# Java VM: OpenJDK 64-Bit Server VM Temurin-17.0.9+9 (17.0.9+9, mixed mode, tiered, compressed oops, compressed class ptrs, g1 gc, bsd-amd64)
GC Precious Log:
 CPUs: 8 total, 8 available
 Memory: 32768M
 Large Page Support: Disabled
 NUMA Support: Disabled
 Compressed Oops: Enabled (Zero based)
 Heap Region Size: 4M
 Heap Min Capacity: 8M
 Heap Initial Capacity: 512M
 Heap Max Capacity: 8G
 Pre-touch: Disabled
 Parallel Workers: 8
 Concurrent Workers: 2
 Concurrent Refinement Workers: 8
 Periodic GC: Disabled
Heap:
 garbage-first heap   total 278528K, used 97989K [0x0000000600000000, 0x0000000800000000)
  region size 4096K, 24 young (98304K), 2 survivors (8192K)
 Metaspace       used 28820K, committed 29120K, reserved 1114112K
  class space    used 2818K, committed 2944K, reserved 1048576K
GC Heap History (18 events):
Event: 2.762 GC heap before
{Heap before GC invocations=0 (full 0):
 garbage-first heap   total 524288K, used 12288K [0x0000000600000000, 0x0000000800000000)
  region size 4096K, 4 young (16384K), 0 survivors (0K)
 Metaspace       used 18273K, committed 18432K, reserved 1114112K
  class space    used 1984K, committed 2048K, reserved 1048576K
}
Event: 2.792 GC heap after
{Heap after GC invocations=1 (full 1):
 garbage-first heap   total 57344K, used 4924K [0x0000000600000000, 0x0000000800000000)
  region size 4096K, 0 young (0K), 0 survivors (0K)
 Metaspace       used 18271K, committed 18432K, reserved 1114112K
  class space    used 1983K, committed 2048K, reserved 1048576K
}
Event: 2.794 GC heap before
{Heap before GC invocations=1 (full 1):
 garbage-first heap   total 57344K, used 4924K [0x0000000600000000, 0x0000000800000000)
  region size 4096K, 0 young (0K), 0 survivors (0K)
 Metaspace       used 18271K, committed 18432K, reserved 1114112K
  class space    used 1983K, committed 2048K, reserved 1048576K
}
Event: 2.807 GC heap after
{Heap after GC invocations=2 (full 2):
 garbage-first heap   total 28672K, used 4924K [0x0000000600000000, 0x0000000800000000)
  region size 4096K, 0 young (0K), 0 survivors (0K)
 Metaspace       used 18271K, committed 18432K, reserved 1114112K
  class space    used 1983K, committed 2048K, reserved 1048576K
}
Event: 3.100 GC heap before
{Heap before GC invocations=2 (full 2):
 garbage-first heap   total 28672K, used 4924K [0x0000000600000000, 0x0000000800000000)
  region size 4096K, 1 young (4096K), 0 survivors (0K)
 Metaspace       used 20569K, committed 20800K, reserved 1114112K
  class space    used 2196K, committed 2304K, reserved 1048576K
}
Event: 3.105 GC heap after
{Heap after GC invocations=3 (full 2):
 garbage-first heap   total 28672K, used 6486K [0x0000000600000000, 0x0000000800000000)
  region size 4096K, 1 young (4096K), 1 survivors (4096K)
 Metaspace       used 20569K, committed 20800K, reserved 1114112K
  class space    used 2196K, committed 2304K, reserved 1048576K
}
Event: 3.298 GC heap before
{Heap before GC invocations=3 (full 2):
 garbage-first heap   total 28672K, used 6486K [0x0000000600000000, 0x0000000800000000)
  region size 4096K, 2 young (8192K), 1 survivors (4096K)
 Metaspace       used 22550K, committed 22784K, reserved 1114112K
  class space    used 2308K, committed 2432K, reserved 1048576K
}
Event: 3.300 GC heap after
{Heap after GC invocations=4 (full 2):
 garbage-first heap   total 28672K, used 6738K [0x0000000600000000, 0x0000000800000000)
  region size 4096K, 1 young (4096K), 1 survivors (4096K)
 Metaspace       used 22550K, committed 22784K, reserved 1114112K
  class space    used 2308K, committed 2432K, reserved 1048576K
}
Event: 3.542 GC heap before
{Heap before GC invocations=4 (full 2):
 garbage-first heap   total 28672K, used 10834K [0x0000000600000000, 0x0000000800000000)
  region size 4096K, 2 young (8192K), 1 survivors (4096K)
 Metaspace       used 24077K, committed 24320K, reserved 1114112K
  class space    used 2451K, committed 2560K, reserved 1048576K
}
Event: 3.546 GC heap after
{Heap after GC invocations=5 (full 2):
 garbage-first heap   total 28672K, used 7091K [0x0000000600000000, 0x0000000800000000)
  region size 4096K, 1 young (4096K), 1 survivors (4096K)
 Metaspace       used 24077K, committed 24320K, reserved 1114112K
  class space    used 2451K, committed 2560K, reserved 1048576K
}
Event: 3.628 GC heap before
{Heap before GC invocations=5 (full 2):
 garbage-first heap   total 28672K, used 11187K [0x0000000600000000, 0x0000000800000000)
  region size 4096K, 2 young (8192K), 1 survivors (4096K)
 Metaspace       used 25254K, committed 25472K, reserved 1114112K
  class space    used 2593K, committed 2688K, reserved 1048576K
}
Event: 3.631 GC heap after
{Heap after GC invocations=6 (full 2):
 garbage-first heap   total 278528K, used 7667K [0x0000000600000000, 0x0000000800000000)
  region size 4096K, 1 young (4096K), 1 survivors (4096K)
 Metaspace       used 25254K, committed 25472K, reserved 1114112K
  class space    used 2593K, committed 2688K, reserved 1048576K
}
Event: 5.197 GC heap before
{Heap before GC invocations=6 (full 2):
 garbage-first heap   total 278528K, used 155123K [0x0000000600000000, 0x0000000800000000)
  region size 4096K, 36 young (147456K), 1 survivors (4096K)
 Metaspace       used 27508K, committed 27776K, reserved 1114112K
  class space    used 2778K, committed 2880K, reserved 1048576K
}
Event: 5.204 GC heap after
{Heap after GC invocations=7 (full 2):
 garbage-first heap   total 278528K, used 11330K [0x0000000600000000, 0x0000000800000000)
  region size 4096K, 2 young (8192K), 2 survivors (8192K)
 Metaspace       used 27508K, committed 27776K, reserved 1114112K
  class space    used 2778K, committed 2880K, reserved 1048576K
}
Event: 15.134 GC heap before
{Heap before GC invocations=7 (full 2):
 garbage-first heap   total 278528K, used 166978K [0x0000000600000000, 0x0000000800000000)
  region size 4096K, 40 young (163840K), 2 survivors (8192K)
 Metaspace       used 28724K, committed 28992K, reserved 1114112K
  class space    used 2814K, committed 2944K, reserved 1048576K
}
Event: 15.151 GC heap after
{Heap after GC invocations=8 (full 2):
 garbage-first heap   total 278528K, used 11870K [0x0000000600000000, 0x0000000800000000)
  region size 4096K, 2 young (8192K), 2 survivors (8192K)
 Metaspace       used 28724K, committed 28992K, reserved 1114112K
  class space    used 2814K, committed 2944K, reserved 1048576K
}
Event: 22.534 GC heap before
{Heap before GC invocations=8 (full 2):
 garbage-first heap   total 278528K, used 167518K [0x0000000600000000, 0x0000000800000000)
  region size 4096K, 40 young (163840K), 2 survivors (8192K)
 Metaspace       used 28782K, committed 28992K, reserved 1114112K
  class space    used 2815K, committed 2944K, reserved 1048576K
}
Event: 22.548 GC heap after
{Heap after GC invocations=9 (full 2):
 garbage-first heap   total 278528K, used 11973K [0x0000000600000000, 0x0000000800000000)
  region size 4096K, 2 young (8192K), 2 survivors (8192K)
 Metaspace       used 28782K, committed 28992K, reserved 1114112K
  class space    used 2815K, committed 2944K, reserved 1048576K
}

