# JRE version: OpenJDK Runtime Environment Temurin-17.0.9+9 (17.0.9+9) (build 17.0.9+9)
# Java VM: OpenJDK 64-Bit Server VM Temurin-17.0.9+9 (17.0.9+9, mixed mode, tiered, compressed oops, compressed class ptrs, g1 gc, bsd-amd64)
GC Precious Log:
 CPUs: 8 total, 8 available
 Memory: 32768M
 Large Page Support: Disabled
 NUMA Support: Disabled
 Compressed Oops: Enabled (Zero based)
 Heap Region Size: 4M
 Heap Min Capacity: 8M
 Heap Initial Capacity: 512M
 Heap Max Capacity: 8G
 Pre-touch: Disabled
 Parallel Workers: 8
 Concurrent Workers: 2
 Concurrent Refinement Workers: 8
 Periodic GC: Disabled
Heap:
 garbage-first heap   total 278528K, used 159296K [0x0000000600000000, 0x0000000800000000)
  region size 4096K, 22 young (90112K), 1 survivors (4096K)
 Metaspace       used 26865K, committed 27072K, reserved 1114112K
  class space    used 2662K, committed 2752K, reserved 1048576K
GC Heap History (20 events):
Event: 2.202 GC heap before
{Heap before GC invocations=0 (full 0):
 garbage-first heap   total 524288K, used 12288K [0x0000000600000000, 0x0000000800000000)
  region size 4096K, 4 young (16384K), 0 survivors (0K)
 Metaspace       used 18320K, committed 18432K, reserved 1114112K
  class space    used 1989K, committed 2048K, reserved 1048576K
}
Event: 2.222 GC heap after
{Heap after GC invocations=1 (full 1):
 garbage-first heap   total 57344K, used 4916K [0x0000000600000000, 0x0000000800000000)
  region size 4096K, 0 young (0K), 0 survivors (0K)
 Metaspace       used 18318K, committed 18432K, reserved 1114112K
  class space    used 1988K, committed 2048K, reserved 1048576K
}
Event: 2.223 GC heap before
{Heap before GC invocations=1 (full 1):
 garbage-first heap   total 57344K, used 4916K [0x0000000600000000, 0x0000000800000000)
  region size 4096K, 1 young (4096K), 0 survivors (0K)
 Metaspace       used 18319K, committed 18432K, reserved 1114112K
  class space    used 1989K, committed 2048K, reserved 1048576K
}
Event: 2.232 GC heap after
{Heap after GC invocations=2 (full 2):
 garbage-first heap   total 28672K, used 4916K [0x0000000600000000, 0x0000000800000000)
  region size 4096K, 0 young (0K), 0 survivors (0K)
 Metaspace       used 18319K, committed 18432K, reserved 1114112K
  class space    used 1989K, committed 2048K, reserved 1048576K
}
Event: 2.448 GC heap before
{Heap before GC invocations=2 (full 2):
 garbage-first heap   total 28672K, used 4916K [0x0000000600000000, 0x0000000800000000)
  region size 4096K, 1 young (4096K), 0 survivors (0K)
 Metaspace       used 20646K, committed 20864K, reserved 1114112K
  class space    used 2202K, committed 2304K, reserved 1048576K
}
Event: 2.451 GC heap after
{Heap after GC invocations=3 (full 2):
 garbage-first heap   total 28672K, used 6487K [0x0000000600000000, 0x0000000800000000)
  region size 4096K, 1 young (4096K), 1 survivors (4096K)
 Metaspace       used 20646K, committed 20864K, reserved 1114112K
  class space    used 2202K, committed 2304K, reserved 1048576K
}
Event: 2.610 GC heap before
{Heap before GC invocations=3 (full 2):
 garbage-first heap   total 28672K, used 6487K [0x0000000600000000, 0x0000000800000000)
  region size 4096K, 2 young (8192K), 1 survivors (4096K)
 Metaspace       used 22594K, committed 22848K, reserved 1114112K
  class space    used 2310K, committed 2432K, reserved 1048576K
}
Event: 2.612 GC heap after
{Heap after GC invocations=4 (full 2):
 garbage-first heap   total 28672K, used 6856K [0x0000000600000000, 0x0000000800000000)
  region size 4096K, 1 young (4096K), 1 survivors (4096K)
 Metaspace       used 22594K, committed 22848K, reserved 1114112K
  class space    used 2310K, committed 2432K, reserved 1048576K
}
Event: 2.867 GC heap before
{Heap before GC invocations=4 (full 2):
 garbage-first heap   total 28672K, used 10952K [0x0000000600000000, 0x0000000800000000)
  region size 4096K, 2 young (8192K), 1 survivors (4096K)
 Metaspace       used 24150K, committed 24384K, reserved 1114112K
  class space    used 2456K, committed 2560K, reserved 1048576K
}
Event: 2.872 GC heap after
{Heap after GC invocations=5 (full 2):
 garbage-first heap   total 28672K, used 7242K [0x0000000600000000, 0x0000000800000000)
  region size 4096K, 1 young (4096K), 1 survivors (4096K)
 Metaspace       used 24150K, committed 24384K, reserved 1114112K
  class space    used 2456K, committed 2560K, reserved 1048576K
}
Event: 2.948 GC heap before
{Heap before GC invocations=5 (full 2):
 garbage-first heap   total 28672K, used 7242K [0x0000000600000000, 0x0000000800000000)
  region size 4096K, 2 young (8192K), 1 survivors (4096K)
 Metaspace       used 25221K, committed 25472K, reserved 1114112K
  class space    used 2588K, committed 2688K, reserved 1048576K
}
Event: 2.955 GC heap after
{Heap after GC invocations=6 (full 2):
 garbage-first heap   total 278528K, used 7851K [0x0000000600000000, 0x0000000800000000)
  region size 4096K, 1 young (4096K), 1 survivors (4096K)
 Metaspace       used 25221K, committed 25472K, reserved 1114112K
  class space    used 2588K, committed 2688K, reserved 1048576K
}
Event: 4.249 GC heap before
{Heap before GC invocations=6 (full 2):
 garbage-first heap   total 278528K, used 224939K [0x0000000600000000, 0x0000000800000000)
  region size 4096K, 30 young (122880K), 1 survivors (4096K)
 Metaspace       used 25290K, committed 25536K, reserved 1114112K
  class space    used 2590K, committed 2688K, reserved 1048576K
}
Event: 4.251 GC heap after
{Heap after GC invocations=7 (full 2):
 garbage-first heap   total 278528K, used 110230K [0x0000000600000000, 0x0000000800000000)
  region size 4096K, 1 young (4096K), 1 survivors (4096K)
 Metaspace       used 25290K, committed 25536K, reserved 1114112K
  class space    used 2590K, committed 2688K, reserved 1048576K
}
Event: 4.387 GC heap before
{Heap before GC invocations=7 (full 2):
 garbage-first heap   total 278528K, used 237206K [0x0000000600000000, 0x0000000800000000)
  region size 4096K, 32 young (131072K), 1 survivors (4096K)
 Metaspace       used 25290K, committed 25536K, reserved 1114112K
  class space    used 2590K, committed 2688K, reserved 1048576K
}
Event: 4.388 GC heap after
{Heap after GC invocations=8 (full 2):
 garbage-first heap   total 278528K, used 110133K [0x0000000600000000, 0x0000000800000000)
  region size 4096K, 1 young (4096K), 1 survivors (4096K)
 Metaspace       used 25290K, committed 25536K, reserved 1114112K
  class space    used 2590K, committed 2688K, reserved 1048576K
}
Event: 4.518 GC heap before
{Heap before GC invocations=8 (full 2):
 garbage-first heap   total 278528K, used 237109K [0x0000000600000000, 0x0000000800000000)
  region size 4096K, 32 young (131072K), 1 survivors (4096K)
 Metaspace       used 25290K, committed 25536K, reserved 1114112K
  class space    used 2590K, committed 2688K, reserved 1048576K
}
Event: 4.519 GC heap after
{Heap after GC invocations=9 (full 2):
 garbage-first heap   total 278528K, used 110121K [0x0000000600000000, 0x0000000800000000)
  region size 4096K, 1 young (4096K), 1 survivors (4096K)
 Metaspace       used 25290K, committed 25536K, reserved 1114112K
  class space    used 2590K, committed 2688K, reserved 1048576K
}
Event: 4.585 GC heap before
{Heap before GC invocations=9 (full 2):
 garbage-first heap   total 278528K, used 159273K [0x0000000600000000, 0x0000000800000000)
  region size 4096K, 14 young (57344K), 1 survivors (4096K)
 Metaspace       used 25321K, committed 25536K, reserved 1114112K
  class space    used 2593K, committed 2688K, reserved 1048576K
}
Event: 4.587 GC heap after
{Heap after GC invocations=10 (full 2):
 garbage-first heap   total 278528K, used 7744K [0x0000000600000000, 0x0000000800000000)
  region size 4096K, 1 young (4096K), 1 survivors (4096K)
 Metaspace       used 25321K, committed 25536K, reserved 1114112K
  class space    used 2593K, committed 2688K, reserved 1048576K
}

