# JRE version: OpenJDK Runtime Environment Temurin-17.0.9+9 (17.0.9+9) (build 17.0.9+9)
# Java VM: OpenJDK 64-Bit Server VM Temurin-17.0.9+9 (17.0.9+9, mixed mode, tiered, compressed oops, compressed class ptrs, g1 gc, bsd-amd64)
GC Precious Log:
 CPUs: 8 total, 8 available
 Memory: 32768M
 Large Page Support: Disabled
 NUMA Support: Disabled
 Compressed Oops: Enabled (Zero based)
 Heap Region Size: 4M
 Heap Min Capacity: 8M
 Heap Initial Capacity: 512M
 Heap Max Capacity: 8G
 Pre-touch: Disabled
 Parallel Workers: 8
 Concurrent Workers: 2
 Concurrent Refinement Workers: 8
 Periodic GC: Disabled
Heap:
 garbage-first heap   total 278528K, used 20047K [0x0000000600000000, 0x0000000800000000)
  region size 4096K, 5 young (20480K), 2 survivors (8192K)
 Metaspace       used 28624K, committed 28864K, reserved 1114112K
  class space    used 2824K, committed 2944K, reserved 1048576K
GC Heap History (14 events):
Event: 2.686 GC heap before
{Heap before GC invocations=0 (full 0):
 garbage-first heap   total 524288K, used 12288K [0x0000000600000000, 0x0000000800000000)
  region size 4096K, 4 young (16384K), 0 survivors (0K)
 Metaspace       used 18247K, committed 18432K, reserved 1114112K
  class space    used 1984K, committed 2048K, reserved 1048576K
}
Event: 2.707 GC heap after
{Heap after GC invocations=1 (full 1):
 garbage-first heap   total 57344K, used 5089K [0x0000000600000000, 0x0000000800000000)
  region size 4096K, 0 young (0K), 0 survivors (0K)
 Metaspace       used 18245K, committed 18432K, reserved 1114112K
  class space    used 1983K, committed 2048K, reserved 1048576K
}
Event: 2.711 GC heap before
{Heap before GC invocations=1 (full 1):
 garbage-first heap   total 57344K, used 5089K [0x0000000600000000, 0x0000000800000000)
  region size 4096K, 1 young (4096K), 0 survivors (0K)
 Metaspace       used 18245K, committed 18432K, reserved 1114112K
  class space    used 1983K, committed 2048K, reserved 1048576K
}
Event: 2.721 GC heap after
{Heap after GC invocations=2 (full 2):
 garbage-first heap   total 28672K, used 5089K [0x0000000600000000, 0x0000000800000000)
  region size 4096K, 0 young (0K), 0 survivors (0K)
 Metaspace       used 18245K, committed 18432K, reserved 1114112K
  class space    used 1983K, committed 2048K, reserved 1048576K
}
Event: 2.940 GC heap before
{Heap before GC invocations=2 (full 2):
 garbage-first heap   total 28672K, used 5089K [0x0000000600000000, 0x0000000800000000)
  region size 4096K, 1 young (4096K), 0 survivors (0K)
 Metaspace       used 20547K, committed 20800K, reserved 1114112K
  class space    used 2196K, committed 2304K, reserved 1048576K
}
Event: 2.943 GC heap after
{Heap after GC invocations=3 (full 2):
 garbage-first heap   total 28672K, used 6652K [0x0000000600000000, 0x0000000800000000)
  region size 4096K, 1 young (4096K), 1 survivors (4096K)
 Metaspace       used 20547K, committed 20800K, reserved 1114112K
  class space    used 2196K, committed 2304K, reserved 1048576K
}
Event: 3.098 GC heap before
{Heap before GC invocations=3 (full 2):
 garbage-first heap   total 28672K, used 10748K [0x0000000600000000, 0x0000000800000000)
  region size 4096K, 2 young (8192K), 1 survivors (4096K)
 Metaspace       used 22508K, committed 22720K, reserved 1114112K
  class space    used 2307K, committed 2432K, reserved 1048576K
}
Event: 3.100 GC heap after
{Heap after GC invocations=4 (full 2):
 garbage-first heap   total 28672K, used 6991K [0x0000000600000000, 0x0000000800000000)
  region size 4096K, 1 young (4096K), 1 survivors (4096K)
 Metaspace       used 22508K, committed 22720K, reserved 1114112K
  class space    used 2307K, committed 2432K, reserved 1048576K
}
Event: 3.317 GC heap before
{Heap before GC invocations=4 (full 2):
 garbage-first heap   total 28672K, used 11087K [0x0000000600000000, 0x0000000800000000)
  region size 4096K, 2 young (8192K), 1 survivors (4096K)
 Metaspace       used 24055K, committed 24256K, reserved 1114112K
  class space    used 2451K, committed 2560K, reserved 1048576K
}
Event: 3.320 GC heap after
{Heap after GC invocations=5 (full 2):
 garbage-first heap   total 28672K, used 7318K [0x0000000600000000, 0x0000000800000000)
  region size 4096K, 1 young (4096K), 1 survivors (4096K)
 Metaspace       used 24055K, committed 24256K, reserved 1114112K
  class space    used 2451K, committed 2560K, reserved 1048576K
}
Event: 3.399 GC heap before
{Heap before GC invocations=5 (full 2):
 garbage-first heap   total 28672K, used 11414K [0x0000000600000000, 0x0000000800000000)
  region size 4096K, 2 young (8192K), 1 survivors (4096K)
 Metaspace       used 25210K, committed 25408K, reserved 1114112K
  class space    used 2592K, committed 2688K, reserved 1048576K
}
Event: 3.406 GC heap after
{Heap after GC invocations=6 (full 2):
 garbage-first heap   total 278528K, used 7922K [0x0000000600000000, 0x0000000800000000)
  region size 4096K, 1 young (4096K), 1 survivors (4096K)
 Metaspace       used 25210K, committed 25408K, reserved 1114112K
  class space    used 2592K, committed 2688K, reserved 1048576K
}
Event: 6.419 GC heap before
{Heap before GC invocations=6 (full 2):
 garbage-first heap   total 278528K, used 155378K [0x0000000600000000, 0x0000000800000000)
  region size 4096K, 36 young (147456K), 1 survivors (4096K)
 Metaspace       used 28503K, committed 28736K, reserved 1114112K
  class space    used 2823K, committed 2944K, reserved 1048576K
}
Event: 6.429 GC heap after
{Heap after GC invocations=7 (full 2):
 garbage-first heap   total 278528K, used 11855K [0x0000000600000000, 0x0000000800000000)
  region size 4096K, 2 young (8192K), 2 survivors (8192K)
 Metaspace       used 28503K, committed 28736K, reserved 1114112K
  class space    used 2823K, committed 2944K, reserved 1048576K
}

