# JRE version: OpenJDK Runtime Environment Temurin-17.0.9+9 (17.0.9+9) (build 17.0.9+9)
# Java VM: OpenJDK 64-Bit Server VM Temurin-17.0.9+9 (17.0.9+9, mixed mode, tiered, compressed oops, compressed class ptrs, g1 gc, bsd-amd64)
GC Precious Log:
 CPUs: 8 total, 8 available
 Memory: 32768M
 Large Page Support: Disabled
 NUMA Support: Disabled
 Compressed Oops: Enabled (Zero based)
 Heap Region Size: 4M
 Heap Min Capacity: 8M
 Heap Initial Capacity: 512M
 Heap Max Capacity: 8G
 Pre-touch: Disabled
 Parallel Workers: 8
 Concurrent Workers: 2
 Concurrent Refinement Workers: 8
 Periodic GC: Disabled
Heap:
 garbage-first heap   total 278528K, used 126719K [0x0000000600000000, 0x0000000800000000)
  region size 4096K, 30 young (122880K), 1 survivors (4096K)
 Metaspace       used 27756K, committed 27968K, reserved 1114112K
  class space    used 2777K, committed 2880K, reserved 1048576K
GC Heap History (12 events):
Event: 2.750 GC heap before
{Heap before GC invocations=0 (full 0):
 garbage-first heap   total 524288K, used 12288K [0x0000000600000000, 0x0000000800000000)
  region size 4096K, 4 young (16384K), 0 survivors (0K)
 Metaspace       used 18278K, committed 18432K, reserved 1114112K
  class space    used 1989K, committed 2048K, reserved 1048576K
}
Event: 2.775 GC heap after
{Heap after GC invocations=1 (full 1):
 garbage-first heap   total 57344K, used 5050K [0x0000000600000000, 0x0000000800000000)
  region size 4096K, 0 young (0K), 0 survivors (0K)
 Metaspace       used 18277K, committed 18432K, reserved 1114112K
  class space    used 1988K, committed 2048K, reserved 1048576K
}
Event: 2.776 GC heap before
{Heap before GC invocations=1 (full 1):
 garbage-first heap   total 57344K, used 5050K [0x0000000600000000, 0x0000000800000000)
  region size 4096K, 1 young (4096K), 0 survivors (0K)
 Metaspace       used 18277K, committed 18432K, reserved 1114112K
  class space    used 1988K, committed 2048K, reserved 1048576K
}
Event: 2.788 GC heap after
{Heap after GC invocations=2 (full 2):
 garbage-first heap   total 28672K, used 5051K [0x0000000600000000, 0x0000000800000000)
  region size 4096K, 0 young (0K), 0 survivors (0K)
 Metaspace       used 18277K, committed 18432K, reserved 1114112K
  class space    used 1988K, committed 2048K, reserved 1048576K
}
Event: 3.057 GC heap before
{Heap before GC invocations=2 (full 2):
 garbage-first heap   total 28672K, used 9147K [0x0000000600000000, 0x0000000800000000)
  region size 4096K, 1 young (4096K), 0 survivors (0K)
 Metaspace       used 20577K, committed 20800K, reserved 1114112K
  class space    used 2199K, committed 2304K, reserved 1048576K
}
Event: 3.062 GC heap after
{Heap after GC invocations=3 (full 2):
 garbage-first heap   total 28672K, used 6607K [0x0000000600000000, 0x0000000800000000)
  region size 4096K, 1 young (4096K), 1 survivors (4096K)
 Metaspace       used 20577K, committed 20800K, reserved 1114112K
  class space    used 2199K, committed 2304K, reserved 1048576K
}
Event: 3.249 GC heap before
{Heap before GC invocations=3 (full 2):
 garbage-first heap   total 28672K, used 10703K [0x0000000600000000, 0x0000000800000000)
  region size 4096K, 2 young (8192K), 1 survivors (4096K)
 Metaspace       used 22540K, committed 22784K, reserved 1114112K
  class space    used 2308K, committed 2432K, reserved 1048576K
}
Event: 3.251 GC heap after
{Heap after GC invocations=4 (full 2):
 garbage-first heap   total 28672K, used 6988K [0x0000000600000000, 0x0000000800000000)
  region size 4096K, 1 young (4096K), 1 survivors (4096K)
 Metaspace       used 22540K, committed 22784K, reserved 1114112K
  class space    used 2308K, committed 2432K, reserved 1048576K
}
Event: 3.472 GC heap before
{Heap before GC invocations=4 (full 2):
 garbage-first heap   total 28672K, used 11084K [0x0000000600000000, 0x0000000800000000)
  region size 4096K, 2 young (8192K), 1 survivors (4096K)
 Metaspace       used 24063K, committed 24256K, reserved 1114112K
  class space    used 2453K, committed 2560K, reserved 1048576K
}
Event: 3.475 GC heap after
{Heap after GC invocations=5 (full 2):
 garbage-first heap   total 28672K, used 7350K [0x0000000600000000, 0x0000000800000000)
  region size 4096K, 1 young (4096K), 1 survivors (4096K)
 Metaspace       used 24063K, committed 24256K, reserved 1114112K
  class space    used 2453K, committed 2560K, reserved 1048576K
}
Event: 3.560 GC heap before
{Heap before GC invocations=5 (full 2):
 garbage-first heap   total 28672K, used 11446K [0x0000000600000000, 0x0000000800000000)
  region size 4096K, 2 young (8192K), 1 survivors (4096K)
 Metaspace       used 25236K, committed 25472K, reserved 1114112K
  class space    used 2592K, committed 2688K, reserved 1048576K
}
Event: 3.565 GC heap after
{Heap after GC invocations=6 (full 2):
 garbage-first heap   total 278528K, used 7935K [0x0000000600000000, 0x0000000800000000)
  region size 4096K, 1 young (4096K), 1 survivors (4096K)
 Metaspace       used 25236K, committed 25472K, reserved 1114112K
  class space    used 2592K, committed 2688K, reserved 1048576K
}

