# JRE version: OpenJDK Runtime Environment Temurin-17.0.9+9 (17.0.9+9) (build 17.0.9+9)
# Java VM: OpenJDK 64-Bit Server VM Temurin-17.0.9+9 (17.0.9+9, mixed mode, tiered, compressed oops, compressed class ptrs, g1 gc, bsd-amd64)
GC Precious Log:
 CPUs: 8 total, 8 available
 Memory: 32768M
 Large Page Support: Disabled
 NUMA Support: Disabled
 Compressed Oops: Enabled (Zero based)
 Heap Region Size: 4M
 Heap Min Capacity: 8M
 Heap Initial Capacity: 512M
 Heap Max Capacity: 8G
 Pre-touch: Disabled
 Parallel Workers: 8
 Concurrent Workers: 2
 Concurrent Refinement Workers: 8
 Periodic GC: Disabled
Heap:
 garbage-first heap   total 278528K, used 28288K [0x0000000600000000, 0x0000000800000000)
  region size 4096K, 7 young (28672K), 1 survivors (4096K)
 Metaspace       used 26866K, committed 27072K, reserved 1114112K
  class space    used 2661K, committed 2752K, reserved 1048576K
GC Heap History (12 events):
Event: 2.852 GC heap before
{Heap before GC invocations=0 (full 0):
 garbage-first heap   total 524288K, used 12288K [0x0000000600000000, 0x0000000800000000)
  region size 4096K, 4 young (16384K), 0 survivors (0K)
 Metaspace       used 18247K, committed 18432K, reserved 1114112K
  class space    used 1982K, committed 2048K, reserved 1048576K
}
Event: 2.880 GC heap after
{Heap after GC invocations=1 (full 1):
 garbage-first heap   total 57344K, used 4910K [0x0000000600000000, 0x0000000800000000)
  region size 4096K, 0 young (0K), 0 survivors (0K)
 Metaspace       used 18245K, committed 18432K, reserved 1114112K
  class space    used 1982K, committed 2048K, reserved 1048576K
}
Event: 2.883 GC heap before
{Heap before GC invocations=1 (full 1):
 garbage-first heap   total 57344K, used 4910K [0x0000000600000000, 0x0000000800000000)
  region size 4096K, 1 young (4096K), 0 survivors (0K)
 Metaspace       used 18246K, committed 18432K, reserved 1114112K
  class space    used 1982K, committed 2048K, reserved 1048576K
}
Event: 2.895 GC heap after
{Heap after GC invocations=2 (full 2):
 garbage-first heap   total 28672K, used 4911K [0x0000000600000000, 0x0000000800000000)
  region size 4096K, 0 young (0K), 0 survivors (0K)
 Metaspace       used 18246K, committed 18432K, reserved 1114112K
  class space    used 1982K, committed 2048K, reserved 1048576K
}
Event: 3.230 GC heap before
{Heap before GC invocations=2 (full 2):
 garbage-first heap   total 28672K, used 9007K [0x0000000600000000, 0x0000000800000000)
  region size 4096K, 1 young (4096K), 0 survivors (0K)
 Metaspace       used 20575K, committed 20800K, reserved 1114112K
  class space    used 2196K, committed 2304K, reserved 1048576K
}
Event: 3.236 GC heap after
{Heap after GC invocations=3 (full 2):
 garbage-first heap   total 28672K, used 6515K [0x0000000600000000, 0x0000000800000000)
  region size 4096K, 1 young (4096K), 1 survivors (4096K)
 Metaspace       used 20575K, committed 20800K, reserved 1114112K
  class space    used 2196K, committed 2304K, reserved 1048576K
}
Event: 3.454 GC heap before
{Heap before GC invocations=3 (full 2):
 garbage-first heap   total 28672K, used 10611K [0x0000000600000000, 0x0000000800000000)
  region size 4096K, 2 young (8192K), 1 survivors (4096K)
 Metaspace       used 22515K, committed 22720K, reserved 1114112K
  class space    used 2305K, committed 2432K, reserved 1048576K
}
Event: 3.460 GC heap after
{Heap after GC invocations=4 (full 2):
 garbage-first heap   total 28672K, used 6852K [0x0000000600000000, 0x0000000800000000)
  region size 4096K, 1 young (4096K), 1 survivors (4096K)
 Metaspace       used 22515K, committed 22720K, reserved 1114112K
  class space    used 2305K, committed 2432K, reserved 1048576K
}
Event: 3.757 GC heap before
{Heap before GC invocations=4 (full 2):
 garbage-first heap   total 28672K, used 10948K [0x0000000600000000, 0x0000000800000000)
  region size 4096K, 2 young (8192K), 1 survivors (4096K)
 Metaspace       used 24062K, committed 24256K, reserved 1114112K
  class space    used 2451K, committed 2560K, reserved 1048576K
}
Event: 3.761 GC heap after
{Heap after GC invocations=5 (full 2):
 garbage-first heap   total 28672K, used 7194K [0x0000000600000000, 0x0000000800000000)
  region size 4096K, 1 young (4096K), 1 survivors (4096K)
 Metaspace       used 24062K, committed 24256K, reserved 1114112K
  class space    used 2451K, committed 2560K, reserved 1048576K
}
Event: 3.890 GC heap before
{Heap before GC invocations=5 (full 2):
 garbage-first heap   total 28672K, used 11290K [0x0000000600000000, 0x0000000800000000)
  region size 4096K, 2 young (8192K), 1 survivors (4096K)
 Metaspace       used 25217K, committed 25472K, reserved 1114112K
  class space    used 2592K, committed 2688K, reserved 1048576K
}
Event: 3.929 GC heap after
{Heap after GC invocations=6 (full 2):
 garbage-first heap   total 278528K, used 7808K [0x0000000600000000, 0x0000000800000000)
  region size 4096K, 1 young (4096K), 1 survivors (4096K)
 Metaspace       used 25217K, committed 25472K, reserved 1114112K
  class space    used 2592K, committed 2688K, reserved 1048576K
}

