# JRE version: OpenJDK Runtime Environment Temurin-17.0.9+9 (17.0.9+9) (build 17.0.9+9)
# Java VM: OpenJDK 64-Bit Server VM Temurin-17.0.9+9 (17.0.9+9, mixed mode, tiered, compressed oops, compressed class ptrs, g1 gc, bsd-amd64)
GC Precious Log:
 CPUs: 8 total, 8 available
 Memory: 32768M
 Large Page Support: Disabled
 NUMA Support: Disabled
 Compressed Oops: Enabled (Zero based)
 Heap Region Size: 4M
 Heap Min Capacity: 8M
 Heap Initial Capacity: 512M
 Heap Max Capacity: 8G
 Pre-touch: Disabled
 Parallel Workers: 8
 Concurrent Workers: 2
 Concurrent Refinement Workers: 8
 Periodic GC: Disabled
Heap:
 garbage-first heap   total 278528K, used 60761K [0x0000000600000000, 0x0000000800000000)
  region size 4096K, 15 young (61440K), 2 survivors (8192K)
 Metaspace       used 29021K, committed 29312K, reserved 1114112K
  class space    used 2851K, committed 3008K, reserved 1048576K
GC Heap History (14 events):
Event: 2.061 GC heap before
{Heap before GC invocations=0 (full 0):
 garbage-first heap   total 524288K, used 12288K [0x0000000600000000, 0x0000000800000000)
  region size 4096K, 4 young (16384K), 0 survivors (0K)
 Metaspace       used 18268K, committed 18432K, reserved 1114112K
  class space    used 1984K, committed 2048K, reserved 1048576K
}
Event: 2.081 GC heap after
{Heap after GC invocations=1 (full 1):
 garbage-first heap   total 57344K, used 4878K [0x0000000600000000, 0x0000000800000000)
  region size 4096K, 0 young (0K), 0 survivors (0K)
 Metaspace       used 18267K, committed 18432K, reserved 1114112K
  class space    used 1983K, committed 2048K, reserved 1048576K
}
Event: 2.085 GC heap before
{Heap before GC invocations=1 (full 1):
 garbage-first heap   total 57344K, used 4878K [0x0000000600000000, 0x0000000800000000)
  region size 4096K, 1 young (4096K), 0 survivors (0K)
 Metaspace       used 18267K, committed 18432K, reserved 1114112K
  class space    used 1983K, committed 2048K, reserved 1048576K
}
Event: 2.096 GC heap after
{Heap after GC invocations=2 (full 2):
 garbage-first heap   total 28672K, used 4874K [0x0000000600000000, 0x0000000800000000)
  region size 4096K, 0 young (0K), 0 survivors (0K)
 Metaspace       used 18267K, committed 18432K, reserved 1114112K
  class space    used 1983K, committed 2048K, reserved 1048576K
}
Event: 2.305 GC heap before
{Heap before GC invocations=2 (full 2):
 garbage-first heap   total 28672K, used 4874K [0x0000000600000000, 0x0000000800000000)
  region size 4096K, 1 young (4096K), 0 survivors (0K)
 Metaspace       used 20565K, committed 20800K, reserved 1114112K
  class space    used 2196K, committed 2304K, reserved 1048576K
}
Event: 2.309 GC heap after
{Heap after GC invocations=3 (full 2):
 garbage-first heap   total 28672K, used 6539K [0x0000000600000000, 0x0000000800000000)
  region size 4096K, 1 young (4096K), 1 survivors (4096K)
 Metaspace       used 20565K, committed 20800K, reserved 1114112K
  class space    used 2196K, committed 2304K, reserved 1048576K
}
Event: 2.467 GC heap before
{Heap before GC invocations=3 (full 2):
 garbage-first heap   total 28672K, used 6539K [0x0000000600000000, 0x0000000800000000)
  region size 4096K, 2 young (8192K), 1 survivors (4096K)
 Metaspace       used 22551K, committed 22784K, reserved 1114112K
  class space    used 2308K, committed 2432K, reserved 1048576K
}
Event: 2.469 GC heap after
{Heap after GC invocations=4 (full 2):
 garbage-first heap   total 28672K, used 6769K [0x0000000600000000, 0x0000000800000000)
  region size 4096K, 1 young (4096K), 1 survivors (4096K)
 Metaspace       used 22551K, committed 22784K, reserved 1114112K
  class space    used 2308K, committed 2432K, reserved 1048576K
}
Event: 2.660 GC heap before
{Heap before GC invocations=4 (full 2):
 garbage-first heap   total 28672K, used 10865K [0x0000000600000000, 0x0000000800000000)
  region size 4096K, 2 young (8192K), 1 survivors (4096K)
 Metaspace       used 24065K, committed 24256K, reserved 1114112K
  class space    used 2451K, committed 2560K, reserved 1048576K
}
Event: 2.662 GC heap after
{Heap after GC invocations=5 (full 2):
 garbage-first heap   total 28672K, used 7164K [0x0000000600000000, 0x0000000800000000)
  region size 4096K, 1 young (4096K), 1 survivors (4096K)
 Metaspace       used 24065K, committed 24256K, reserved 1114112K
  class space    used 2451K, committed 2560K, reserved 1048576K
}
Event: 2.732 GC heap before
{Heap before GC invocations=5 (full 2):
 garbage-first heap   total 28672K, used 7164K [0x0000000600000000, 0x0000000800000000)
  region size 4096K, 2 young (8192K), 1 survivors (4096K)
 Metaspace       used 25240K, committed 25408K, reserved 1114112K
  class space    used 2593K, committed 2688K, reserved 1048576K
}
Event: 2.736 GC heap after
{Heap after GC invocations=6 (full 2):
 garbage-first heap   total 278528K, used 7703K [0x0000000600000000, 0x0000000800000000)
  region size 4096K, 1 young (4096K), 1 survivors (4096K)
 Metaspace       used 25240K, committed 25408K, reserved 1114112K
  class space    used 2593K, committed 2688K, reserved 1048576K
}
Event: 6.173 GC heap before
{Heap before GC invocations=6 (full 2):
 garbage-first heap   total 278528K, used 151063K [0x0000000600000000, 0x0000000800000000)
  region size 4096K, 35 young (143360K), 1 survivors (4096K)
 Metaspace       used 28556K, committed 28800K, reserved 1114112K
  class space    used 2823K, committed 2944K, reserved 1048576K
}
Event: 6.184 GC heap after
{Heap after GC invocations=7 (full 2):
 garbage-first heap   total 278528K, used 11609K [0x0000000600000000, 0x0000000800000000)
  region size 4096K, 2 young (8192K), 2 survivors (8192K)
 Metaspace       used 28556K, committed 28800K, reserved 1114112K
  class space    used 2823K, committed 2944K, reserved 1048576K
}

