# JRE version: OpenJDK Runtime Environment Temurin-17.0.9+9 (17.0.9+9) (build 17.0.9+9)
# Java VM: OpenJDK 64-Bit Server VM Temurin-17.0.9+9 (17.0.9+9, mixed mode, tiered, compressed oops, compressed class ptrs, g1 gc, bsd-amd64)
GC Precious Log:
 CPUs: 8 total, 8 available
 Memory: 32768M
 Large Page Support: Disabled
 NUMA Support: Disabled
 Compressed Oops: Enabled (Zero based)
 Heap Region Size: 4M
 Heap Min Capacity: 8M
 Heap Initial Capacity: 512M
 Heap Max Capacity: 8G
 Pre-touch: Disabled
 Parallel Workers: 8
 Concurrent Workers: 2
 Concurrent Refinement Workers: 8
 Periodic GC: Disabled
Heap:
 garbage-first heap   total 278528K, used 44474K [0x0000000600000000, 0x0000000800000000)
  region size 4096K, 11 young (45056K), 1 survivors (4096K)
 Metaspace       used 27726K, committed 27968K, reserved 1114112K
  class space    used 2766K, committed 2880K, reserved 1048576K
GC Heap History (12 events):
Event: 2.074 GC heap before
{Heap before GC invocations=0 (full 0):
 garbage-first heap   total 524288K, used 12288K [0x0000000600000000, 0x0000000800000000)
  region size 4096K, 4 young (16384K), 0 survivors (0K)
 Metaspace       used 18229K, committed 18432K, reserved 1114112K
  class space    used 1983K, committed 2048K, reserved 1048576K
}
Event: 2.096 GC heap after
{Heap after GC invocations=1 (full 1):
 garbage-first heap   total 57344K, used 4770K [0x0000000600000000, 0x0000000800000000)
  region size 4096K, 0 young (0K), 0 survivors (0K)
 Metaspace       used 18227K, committed 18432K, reserved 1114112K
  class space    used 1983K, committed 2048K, reserved 1048576K
}
Event: 2.098 GC heap before
{Heap before GC invocations=1 (full 1):
 garbage-first heap   total 57344K, used 4770K [0x0000000600000000, 0x0000000800000000)
  region size 4096K, 1 young (4096K), 0 survivors (0K)
 Metaspace       used 18227K, committed 18432K, reserved 1114112K
  class space    used 1983K, committed 2048K, reserved 1048576K
}
Event: 2.108 GC heap after
{Heap after GC invocations=2 (full 2):
 garbage-first heap   total 28672K, used 4770K [0x0000000600000000, 0x0000000800000000)
  region size 4096K, 0 young (0K), 0 survivors (0K)
 Metaspace       used 18227K, committed 18432K, reserved 1114112K
  class space    used 1983K, committed 2048K, reserved 1048576K
}
Event: 2.321 GC heap before
{Heap before GC invocations=2 (full 2):
 garbage-first heap   total 28672K, used 4770K [0x0000000600000000, 0x0000000800000000)
  region size 4096K, 1 young (4096K), 0 survivors (0K)
 Metaspace       used 20530K, committed 20800K, reserved 1114112K
  class space    used 2195K, committed 2304K, reserved 1048576K
}
Event: 2.325 GC heap after
{Heap after GC invocations=3 (full 2):
 garbage-first heap   total 28672K, used 6380K [0x0000000600000000, 0x0000000800000000)
  region size 4096K, 1 young (4096K), 1 survivors (4096K)
 Metaspace       used 20530K, committed 20800K, reserved 1114112K
  class space    used 2195K, committed 2304K, reserved 1048576K
}
Event: 2.473 GC heap before
{Heap before GC invocations=3 (full 2):
 garbage-first heap   total 28672K, used 10476K [0x0000000600000000, 0x0000000800000000)
  region size 4096K, 2 young (8192K), 1 survivors (4096K)
 Metaspace       used 22482K, committed 22720K, reserved 1114112K
  class space    used 2305K, committed 2432K, reserved 1048576K
}
Event: 2.475 GC heap after
{Heap after GC invocations=4 (full 2):
 garbage-first heap   total 28672K, used 6660K [0x0000000600000000, 0x0000000800000000)
  region size 4096K, 1 young (4096K), 1 survivors (4096K)
 Metaspace       used 22482K, committed 22720K, reserved 1114112K
  class space    used 2305K, committed 2432K, reserved 1048576K
}
Event: 2.693 GC heap before
{Heap before GC invocations=4 (full 2):
 garbage-first heap   total 28672K, used 10756K [0x0000000600000000, 0x0000000800000000)
  region size 4096K, 2 young (8192K), 1 survivors (4096K)
 Metaspace       used 24031K, committed 24256K, reserved 1114112K
  class space    used 2450K, committed 2560K, reserved 1048576K
}
Event: 2.695 GC heap after
{Heap after GC invocations=5 (full 2):
 garbage-first heap   total 28672K, used 7069K [0x0000000600000000, 0x0000000800000000)
  region size 4096K, 1 young (4096K), 1 survivors (4096K)
 Metaspace       used 24031K, committed 24256K, reserved 1114112K
  class space    used 2450K, committed 2560K, reserved 1048576K
}
Event: 2.774 GC heap before
{Heap before GC invocations=5 (full 2):
 garbage-first heap   total 28672K, used 11165K [0x0000000600000000, 0x0000000800000000)
  region size 4096K, 2 young (8192K), 1 survivors (4096K)
 Metaspace       used 25189K, committed 25408K, reserved 1114112K
  class space    used 2589K, committed 2688K, reserved 1048576K
}
Event: 2.779 GC heap after
{Heap after GC invocations=6 (full 2):
 garbage-first heap   total 278528K, used 7610K [0x0000000600000000, 0x0000000800000000)
  region size 4096K, 1 young (4096K), 1 survivors (4096K)
 Metaspace       used 25189K, committed 25408K, reserved 1114112K
  class space    used 2589K, committed 2688K, reserved 1048576K
}

